{"E:\\Rahul\\react-map\\src\\components\\pathForm\\index.jsx": {"path":"E:\\Rahul\\react-map\\src\\components\\pathForm\\index.jsx","statementMap":{"0":{"start":{"line":8,"column":17},"end":{"line":182,"column":1}},"1":{"start":{"line":9,"column":30},"end":{"line":9,"column":42}},"2":{"start":{"line":10,"column":40},"end":{"line":10,"column":52}},"3":{"start":{"line":11,"column":28},"end":{"line":11,"column":40}},"4":{"start":{"line":12,"column":34},"end":{"line":12,"column":46}},"5":{"start":{"line":13,"column":34},"end":{"line":13,"column":46}},"6":{"start":{"line":14,"column":36},"end":{"line":14,"column":51}},"7":{"start":{"line":15,"column":22},"end":{"line":15,"column":27}},"8":{"start":{"line":20,"column":23},"end":{"line":25,"column":3}},"9":{"start":{"line":21,"column":4},"end":{"line":21,"column":20}},"10":{"start":{"line":22,"column":4},"end":{"line":22,"column":20}},"11":{"start":{"line":23,"column":4},"end":{"line":23,"column":17}},"12":{"start":{"line":24,"column":4},"end":{"line":24,"column":18}},"13":{"start":{"line":30,"column":16},"end":{"line":35,"column":3}},"14":{"start":{"line":31,"column":4},"end":{"line":31,"column":24}},"15":{"start":{"line":32,"column":4},"end":{"line":32,"column":18}},"16":{"start":{"line":33,"column":4},"end":{"line":33,"column":23}},"17":{"start":{"line":34,"column":4},"end":{"line":34,"column":19}},"18":{"start":{"line":41,"column":29},"end":{"line":73,"column":3}},"19":{"start":{"line":42,"column":4},"end":{"line":72,"column":5}},"20":{"start":{"line":43,"column":92},"end":{"line":43,"column":112}},"21":{"start":{"line":44,"column":6},"end":{"line":53,"column":7}},"22":{"start":{"line":45,"column":8},"end":{"line":52,"column":9}},"23":{"start":{"line":46,"column":10},"end":{"line":46,"column":57}},"24":{"start":{"line":49,"column":10},"end":{"line":49,"column":34}},"25":{"start":{"line":50,"column":10},"end":{"line":50,"column":38}},"26":{"start":{"line":51,"column":10},"end":{"line":51,"column":17}},"27":{"start":{"line":54,"column":6},"end":{"line":54,"column":30}},"28":{"start":{"line":55,"column":6},"end":{"line":62,"column":7}},"29":{"start":{"line":56,"column":8},"end":{"line":56,"column":35}},"30":{"start":{"line":57,"column":8},"end":{"line":57,"column":31}},"31":{"start":{"line":58,"column":8},"end":{"line":58,"column":52}},"32":{"start":{"line":61,"column":8},"end":{"line":61,"column":24}},"33":{"start":{"line":65,"column":6},"end":{"line":65,"column":30}},"34":{"start":{"line":66,"column":26},"end":{"line":66,"column":29}},"35":{"start":{"line":67,"column":6},"end":{"line":71,"column":7}},"36":{"start":{"line":68,"column":8},"end":{"line":68,"column":31}},"37":{"start":{"line":70,"column":8},"end":{"line":70,"column":26}},"38":{"start":{"line":78,"column":17},"end":{"line":103,"column":3}},"39":{"start":{"line":79,"column":4},"end":{"line":79,"column":19}},"40":{"start":{"line":80,"column":4},"end":{"line":80,"column":23}},"41":{"start":{"line":81,"column":4},"end":{"line":83,"column":5}},"42":{"start":{"line":82,"column":6},"end":{"line":82,"column":13}},"43":{"start":{"line":84,"column":4},"end":{"line":84,"column":27}},"44":{"start":{"line":85,"column":4},"end":{"line":102,"column":5}},"45":{"start":{"line":86,"column":21},"end":{"line":86,"column":56}},"46":{"start":{"line":87,"column":6},"end":{"line":92,"column":7}},"47":{"start":{"line":88,"column":8},"end":{"line":88,"column":44}},"48":{"start":{"line":91,"column":8},"end":{"line":91,"column":32}},"49":{"start":{"line":95,"column":26},"end":{"line":95,"column":29}},"50":{"start":{"line":96,"column":6},"end":{"line":100,"column":7}},"51":{"start":{"line":97,"column":8},"end":{"line":97,"column":31}},"52":{"start":{"line":99,"column":8},"end":{"line":99,"column":26}},"53":{"start":{"line":101,"column":6},"end":{"line":101,"column":30}},"54":{"start":{"line":108,"column":22},"end":{"line":111,"column":3}},"55":{"start":{"line":109,"column":4},"end":{"line":109,"column":18}},"56":{"start":{"line":110,"column":4},"end":{"line":110,"column":19}},"57":{"start":{"line":116,"column":27},"end":{"line":119,"column":3}},"58":{"start":{"line":117,"column":4},"end":{"line":117,"column":23}},"59":{"start":{"line":118,"column":4},"end":{"line":118,"column":19}},"60":{"start":{"line":125,"column":23},"end":{"line":129,"column":3}},"61":{"start":{"line":126,"column":22},"end":{"line":126,"column":30}},"62":{"start":{"line":127,"column":4},"end":{"line":127,"column":21}},"63":{"start":{"line":128,"column":4},"end":{"line":128,"column":24}},"64":{"start":{"line":135,"column":28},"end":{"line":139,"column":3}},"65":{"start":{"line":136,"column":22},"end":{"line":136,"column":30}},"66":{"start":{"line":137,"column":4},"end":{"line":137,"column":26}},"67":{"start":{"line":138,"column":4},"end":{"line":138,"column":24}},"68":{"start":{"line":144,"column":2},"end":{"line":181,"column":4}},"69":{"start":{"line":150,"column":42},"end":{"line":150,"column":59}},"70":{"start":{"line":161,"column":47},"end":{"line":161,"column":74}},"71":{"start":{"line":184,"column":0},"end":{"line":189,"column":1}}},"fnMap":{"0":{"name":"(anonymous_0)","decl":{"start":{"line":8,"column":17},"end":{"line":8,"column":18}},"loc":{"start":{"line":8,"column":28},"end":{"line":182,"column":1}},"line":8},"1":{"name":"(anonymous_1)","decl":{"start":{"line":20,"column":23},"end":{"line":20,"column":24}},"loc":{"start":{"line":20,"column":29},"end":{"line":25,"column":3}},"line":20},"2":{"name":"(anonymous_2)","decl":{"start":{"line":30,"column":16},"end":{"line":30,"column":17}},"loc":{"start":{"line":30,"column":22},"end":{"line":35,"column":3}},"line":30},"3":{"name":"(anonymous_3)","decl":{"start":{"line":41,"column":29},"end":{"line":41,"column":30}},"loc":{"start":{"line":41,"column":56},"end":{"line":73,"column":3}},"line":41},"4":{"name":"(anonymous_4)","decl":{"start":{"line":78,"column":17},"end":{"line":78,"column":18}},"loc":{"start":{"line":78,"column":29},"end":{"line":103,"column":3}},"line":78},"5":{"name":"(anonymous_5)","decl":{"start":{"line":108,"column":22},"end":{"line":108,"column":23}},"loc":{"start":{"line":108,"column":28},"end":{"line":111,"column":3}},"line":108},"6":{"name":"(anonymous_6)","decl":{"start":{"line":116,"column":27},"end":{"line":116,"column":28}},"loc":{"start":{"line":116,"column":33},"end":{"line":119,"column":3}},"line":116},"7":{"name":"(anonymous_7)","decl":{"start":{"line":125,"column":23},"end":{"line":125,"column":24}},"loc":{"start":{"line":125,"column":30},"end":{"line":129,"column":3}},"line":125},"8":{"name":"(anonymous_8)","decl":{"start":{"line":135,"column":28},"end":{"line":135,"column":29}},"loc":{"start":{"line":135,"column":35},"end":{"line":139,"column":3}},"line":135},"9":{"name":"(anonymous_9)","decl":{"start":{"line":150,"column":30},"end":{"line":150,"column":31}},"loc":{"start":{"line":150,"column":42},"end":{"line":150,"column":59}},"line":150},"10":{"name":"(anonymous_10)","decl":{"start":{"line":161,"column":30},"end":{"line":161,"column":31}},"loc":{"start":{"line":161,"column":47},"end":{"line":161,"column":74}},"line":161}},"branchMap":{"0":{"loc":{"start":{"line":44,"column":6},"end":{"line":53,"column":7}},"type":"if","locations":[{"start":{"line":44,"column":6},"end":{"line":53,"column":7}},{"start":{"line":44,"column":6},"end":{"line":53,"column":7}}],"line":44},"1":{"loc":{"start":{"line":45,"column":8},"end":{"line":52,"column":9}},"type":"if","locations":[{"start":{"line":45,"column":8},"end":{"line":52,"column":9}},{"start":{"line":45,"column":8},"end":{"line":52,"column":9}}],"line":45},"2":{"loc":{"start":{"line":55,"column":6},"end":{"line":62,"column":7}},"type":"if","locations":[{"start":{"line":55,"column":6},"end":{"line":62,"column":7}},{"start":{"line":55,"column":6},"end":{"line":62,"column":7}}],"line":55},"3":{"loc":{"start":{"line":67,"column":6},"end":{"line":71,"column":7}},"type":"if","locations":[{"start":{"line":67,"column":6},"end":{"line":71,"column":7}},{"start":{"line":67,"column":6},"end":{"line":71,"column":7}}],"line":67},"4":{"loc":{"start":{"line":67,"column":10},"end":{"line":67,"column":49}},"type":"binary-expr","locations":[{"start":{"line":67,"column":10},"end":{"line":67,"column":18}},{"start":{"line":67,"column":22},"end":{"line":67,"column":49}}],"line":67},"5":{"loc":{"start":{"line":81,"column":4},"end":{"line":83,"column":5}},"type":"if","locations":[{"start":{"line":81,"column":4},"end":{"line":83,"column":5}},{"start":{"line":81,"column":4},"end":{"line":83,"column":5}}],"line":81},"6":{"loc":{"start":{"line":81,"column":8},"end":{"line":81,"column":31}},"type":"binary-expr","locations":[{"start":{"line":81,"column":8},"end":{"line":81,"column":15}},{"start":{"line":81,"column":19},"end":{"line":81,"column":31}}],"line":81},"7":{"loc":{"start":{"line":87,"column":6},"end":{"line":92,"column":7}},"type":"if","locations":[{"start":{"line":87,"column":6},"end":{"line":92,"column":7}},{"start":{"line":87,"column":6},"end":{"line":92,"column":7}}],"line":87},"8":{"loc":{"start":{"line":96,"column":6},"end":{"line":100,"column":7}},"type":"if","locations":[{"start":{"line":96,"column":6},"end":{"line":100,"column":7}},{"start":{"line":96,"column":6},"end":{"line":100,"column":7}}],"line":96},"9":{"loc":{"start":{"line":96,"column":10},"end":{"line":96,"column":49}},"type":"binary-expr","locations":[{"start":{"line":96,"column":10},"end":{"line":96,"column":18}},{"start":{"line":96,"column":22},"end":{"line":96,"column":49}}],"line":96},"10":{"loc":{"start":{"line":155,"column":9},"end":{"line":155,"column":97}},"type":"binary-expr","locations":[{"start":{"line":155,"column":9},"end":{"line":155,"column":18}},{"start":{"line":155,"column":22},"end":{"line":155,"column":29}},{"start":{"line":155,"column":33},"end":{"line":155,"column":97}}],"line":155},"11":{"loc":{"start":{"line":166,"column":9},"end":{"line":166,"column":102}},"type":"binary-expr","locations":[{"start":{"line":166,"column":9},"end":{"line":166,"column":18}},{"start":{"line":166,"column":22},"end":{"line":166,"column":34}},{"start":{"line":166,"column":38},"end":{"line":166,"column":102}}],"line":166},"12":{"loc":{"start":{"line":168,"column":7},"end":{"line":171,"column":12}},"type":"binary-expr","locations":[{"start":{"line":168,"column":7},"end":{"line":168,"column":15}},{"start":{"line":168,"column":19},"end":{"line":171,"column":12}}],"line":168},"13":{"loc":{"start":{"line":172,"column":7},"end":{"line":172,"column":64}},"type":"binary-expr","locations":[{"start":{"line":172,"column":7},"end":{"line":172,"column":12}},{"start":{"line":172,"column":16},"end":{"line":172,"column":64}}],"line":172},"14":{"loc":{"start":{"line":175,"column":11},"end":{"line":175,"column":69}},"type":"binary-expr","locations":[{"start":{"line":175,"column":11},"end":{"line":175,"column":19}},{"start":{"line":175,"column":24},"end":{"line":175,"column":68}}],"line":175},"15":{"loc":{"start":{"line":175,"column":24},"end":{"line":175,"column":68}},"type":"cond-expr","locations":[{"start":{"line":175,"column":46},"end":{"line":175,"column":57}},{"start":{"line":175,"column":60},"end":{"line":175,"column":68}}],"line":175},"16":{"loc":{"start":{"line":175,"column":25},"end":{"line":175,"column":42}},"type":"binary-expr","locations":[{"start":{"line":175,"column":25},"end":{"line":175,"column":30}},{"start":{"line":175,"column":34},"end":{"line":175,"column":42}}],"line":175},"17":{"loc":{"start":{"line":176,"column":11},"end":{"line":176,"column":31}},"type":"binary-expr","locations":[{"start":{"line":176,"column":11},"end":{"line":176,"column":18}},{"start":{"line":176,"column":22},"end":{"line":176,"column":31}}],"line":176}},"s":{"0":4,"1":39,"2":39,"3":39,"4":39,"5":39,"6":39,"7":39,"8":39,"9":6,"10":6,"11":6,"12":6,"13":39,"14":0,"15":0,"16":0,"17":0,"18":39,"19":6,"20":6,"21":5,"22":3,"23":2,"24":1,"25":1,"26":1,"27":2,"28":2,"29":1,"30":1,"31":1,"32":1,"33":1,"34":1,"35":1,"36":1,"37":0,"38":39,"39":5,"40":5,"41":5,"42":1,"43":4,"44":4,"45":4,"46":4,"47":4,"48":0,"49":0,"50":0,"51":0,"52":0,"53":0,"54":39,"55":1,"56":1,"57":39,"58":0,"59":0,"60":39,"61":2,"62":2,"63":2,"64":39,"65":1,"66":1,"67":1,"68":39,"69":0,"70":0,"71":4},"f":{"0":39,"1":6,"2":0,"3":6,"4":5,"5":1,"6":0,"7":2,"8":1,"9":0,"10":0},"b":{"0":[3,2],"1":[2,1],"2":[1,1],"3":[1,0],"4":[1,1],"5":[1,4],"6":[5,4],"7":[4,0],"8":[0,0],"9":[0,0],"10":[39,20,1],"11":[39,20,2],"12":[39,2],"13":[39,9],"14":[39,38],"15":[11,27],"16":[38,29],"17":[39,1]},"_coverageSchema":"43e27e138ebf9cfc5966b082cf9a028302ed4184","hash":"82a356ee8716c7c844d39f57c8f2356aa11767b1"}
}
