{"E:\\Rahul\\react-map\\src\\components\\map\\index.jsx": {"path":"E:\\Rahul\\react-map\\src\\components\\map\\index.jsx","statementMap":{"0":{"start":{"line":7,"column":15},"end":{"line":9,"column":2}},"1":{"start":{"line":11,"column":12},"end":{"line":72,"column":1}},"2":{"start":{"line":12,"column":24},"end":{"line":12,"column":38}},"3":{"start":{"line":13,"column":17},"end":{"line":13,"column":42}},"4":{"start":{"line":14,"column":15},"end":{"line":14,"column":19}},"5":{"start":{"line":15,"column":25},"end":{"line":18,"column":3}},"6":{"start":{"line":19,"column":52},"end":{"line":19,"column":57}},"7":{"start":{"line":21,"column":2},"end":{"line":26,"column":18}},"8":{"start":{"line":22,"column":4},"end":{"line":25,"column":5}},"9":{"start":{"line":23,"column":26},"end":{"line":23,"column":48}},"10":{"start":{"line":24,"column":6},"end":{"line":24,"column":50}},"11":{"start":{"line":32,"column":22},"end":{"line":35,"column":3}},"12":{"start":{"line":33,"column":4},"end":{"line":33,"column":16}},"13":{"start":{"line":34,"column":4},"end":{"line":34,"column":22}},"14":{"start":{"line":40,"column":2},"end":{"line":71,"column":4}},"15":{"start":{"line":74,"column":0},"end":{"line":79,"column":1}}},"fnMap":{"0":{"name":"(anonymous_0)","decl":{"start":{"line":11,"column":12},"end":{"line":11,"column":13}},"loc":{"start":{"line":11,"column":23},"end":{"line":72,"column":1}},"line":11},"1":{"name":"(anonymous_1)","decl":{"start":{"line":21,"column":12},"end":{"line":21,"column":13}},"loc":{"start":{"line":21,"column":18},"end":{"line":26,"column":3}},"line":21},"2":{"name":"(anonymous_2)","decl":{"start":{"line":32,"column":22},"end":{"line":32,"column":23}},"loc":{"start":{"line":32,"column":31},"end":{"line":35,"column":3}},"line":32}},"branchMap":{"0":{"loc":{"start":{"line":22,"column":4},"end":{"line":25,"column":5}},"type":"if","locations":[{"start":{"line":22,"column":4},"end":{"line":25,"column":5}},{"start":{"line":22,"column":4},"end":{"line":25,"column":5}}],"line":22},"1":{"loc":{"start":{"line":22,"column":8},"end":{"line":22,"column":19}},"type":"binary-expr","locations":[{"start":{"line":22,"column":8},"end":{"line":22,"column":12}},{"start":{"line":22,"column":16},"end":{"line":22,"column":19}}],"line":22},"2":{"loc":{"start":{"line":48,"column":7},"end":{"line":56,"column":14}},"type":"binary-expr","locations":[{"start":{"line":48,"column":7},"end":{"line":48,"column":11}},{"start":{"line":48,"column":15},"end":{"line":56,"column":14}}],"line":48},"3":{"loc":{"start":{"line":57,"column":7},"end":{"line":63,"column":14}},"type":"binary-expr","locations":[{"start":{"line":57,"column":7},"end":{"line":57,"column":11}},{"start":{"line":57,"column":15},"end":{"line":63,"column":14}}],"line":57},"4":{"loc":{"start":{"line":64,"column":7},"end":{"line":69,"column":14}},"type":"binary-expr","locations":[{"start":{"line":64,"column":7},"end":{"line":64,"column":17}},{"start":{"line":64,"column":21},"end":{"line":69,"column":14}}],"line":64}},"s":{"0":4,"1":4,"2":4,"3":4,"4":4,"5":4,"6":4,"7":4,"8":3,"9":0,"10":0,"11":4,"12":0,"13":0,"14":4,"15":4},"f":{"0":4,"1":3,"2":0},"b":{"0":[0,3],"1":[3,1],"2":[4,1],"3":[4,1],"4":[4,1]},"_coverageSchema":"43e27e138ebf9cfc5966b082cf9a028302ed4184","hash":"180bee4d363dc1593246f4172a9852bc55cb626f"}
,"E:\\Rahul\\react-map\\src\\components\\pathForm\\index.jsx": {"path":"E:\\Rahul\\react-map\\src\\components\\pathForm\\index.jsx","statementMap":{"0":{"start":{"line":8,"column":17},"end":{"line":186,"column":1}},"1":{"start":{"line":9,"column":30},"end":{"line":9,"column":42}},"2":{"start":{"line":10,"column":40},"end":{"line":10,"column":52}},"3":{"start":{"line":11,"column":28},"end":{"line":11,"column":40}},"4":{"start":{"line":12,"column":34},"end":{"line":12,"column":46}},"5":{"start":{"line":13,"column":34},"end":{"line":13,"column":46}},"6":{"start":{"line":14,"column":36},"end":{"line":14,"column":51}},"7":{"start":{"line":15,"column":22},"end":{"line":15,"column":27}},"8":{"start":{"line":20,"column":23},"end":{"line":25,"column":3}},"9":{"start":{"line":21,"column":4},"end":{"line":21,"column":20}},"10":{"start":{"line":22,"column":4},"end":{"line":22,"column":20}},"11":{"start":{"line":23,"column":4},"end":{"line":23,"column":17}},"12":{"start":{"line":24,"column":4},"end":{"line":24,"column":18}},"13":{"start":{"line":30,"column":16},"end":{"line":35,"column":3}},"14":{"start":{"line":31,"column":4},"end":{"line":31,"column":24}},"15":{"start":{"line":32,"column":4},"end":{"line":32,"column":18}},"16":{"start":{"line":33,"column":4},"end":{"line":33,"column":23}},"17":{"start":{"line":34,"column":4},"end":{"line":34,"column":19}},"18":{"start":{"line":41,"column":22},"end":{"line":49,"column":3}},"19":{"start":{"line":42,"column":24},"end":{"line":42,"column":27}},"20":{"start":{"line":43,"column":4},"end":{"line":47,"column":5}},"21":{"start":{"line":44,"column":6},"end":{"line":44,"column":29}},"22":{"start":{"line":46,"column":6},"end":{"line":46,"column":24}},"23":{"start":{"line":48,"column":4},"end":{"line":48,"column":28}},"24":{"start":{"line":55,"column":29},"end":{"line":81,"column":3}},"25":{"start":{"line":56,"column":4},"end":{"line":80,"column":5}},"26":{"start":{"line":57,"column":92},"end":{"line":57,"column":112}},"27":{"start":{"line":58,"column":6},"end":{"line":67,"column":7}},"28":{"start":{"line":59,"column":8},"end":{"line":66,"column":9}},"29":{"start":{"line":60,"column":10},"end":{"line":60,"column":57}},"30":{"start":{"line":63,"column":10},"end":{"line":63,"column":34}},"31":{"start":{"line":64,"column":10},"end":{"line":64,"column":38}},"32":{"start":{"line":65,"column":10},"end":{"line":65,"column":17}},"33":{"start":{"line":68,"column":6},"end":{"line":68,"column":30}},"34":{"start":{"line":69,"column":6},"end":{"line":76,"column":7}},"35":{"start":{"line":70,"column":8},"end":{"line":70,"column":35}},"36":{"start":{"line":71,"column":8},"end":{"line":71,"column":31}},"37":{"start":{"line":72,"column":8},"end":{"line":72,"column":52}},"38":{"start":{"line":75,"column":8},"end":{"line":75,"column":24}},"39":{"start":{"line":79,"column":6},"end":{"line":79,"column":23}},"40":{"start":{"line":86,"column":17},"end":{"line":105,"column":3}},"41":{"start":{"line":87,"column":4},"end":{"line":87,"column":19}},"42":{"start":{"line":88,"column":4},"end":{"line":88,"column":23}},"43":{"start":{"line":89,"column":4},"end":{"line":91,"column":5}},"44":{"start":{"line":90,"column":6},"end":{"line":90,"column":13}},"45":{"start":{"line":92,"column":4},"end":{"line":92,"column":27}},"46":{"start":{"line":93,"column":4},"end":{"line":104,"column":5}},"47":{"start":{"line":94,"column":21},"end":{"line":94,"column":56}},"48":{"start":{"line":95,"column":6},"end":{"line":100,"column":7}},"49":{"start":{"line":96,"column":8},"end":{"line":96,"column":44}},"50":{"start":{"line":99,"column":8},"end":{"line":99,"column":32}},"51":{"start":{"line":103,"column":6},"end":{"line":103,"column":23}},"52":{"start":{"line":110,"column":22},"end":{"line":113,"column":3}},"53":{"start":{"line":111,"column":4},"end":{"line":111,"column":18}},"54":{"start":{"line":112,"column":4},"end":{"line":112,"column":19}},"55":{"start":{"line":118,"column":27},"end":{"line":121,"column":3}},"56":{"start":{"line":119,"column":4},"end":{"line":119,"column":23}},"57":{"start":{"line":120,"column":4},"end":{"line":120,"column":19}},"58":{"start":{"line":127,"column":23},"end":{"line":131,"column":3}},"59":{"start":{"line":128,"column":22},"end":{"line":128,"column":30}},"60":{"start":{"line":129,"column":4},"end":{"line":129,"column":21}},"61":{"start":{"line":130,"column":4},"end":{"line":130,"column":24}},"62":{"start":{"line":137,"column":28},"end":{"line":141,"column":3}},"63":{"start":{"line":138,"column":22},"end":{"line":138,"column":30}},"64":{"start":{"line":139,"column":4},"end":{"line":139,"column":26}},"65":{"start":{"line":140,"column":4},"end":{"line":140,"column":24}},"66":{"start":{"line":146,"column":2},"end":{"line":185,"column":4}},"67":{"start":{"line":152,"column":42},"end":{"line":152,"column":59}},"68":{"start":{"line":164,"column":47},"end":{"line":164,"column":74}},"69":{"start":{"line":188,"column":0},"end":{"line":193,"column":1}}},"fnMap":{"0":{"name":"(anonymous_0)","decl":{"start":{"line":8,"column":17},"end":{"line":8,"column":18}},"loc":{"start":{"line":8,"column":28},"end":{"line":186,"column":1}},"line":8},"1":{"name":"(anonymous_1)","decl":{"start":{"line":20,"column":23},"end":{"line":20,"column":24}},"loc":{"start":{"line":20,"column":29},"end":{"line":25,"column":3}},"line":20},"2":{"name":"(anonymous_2)","decl":{"start":{"line":30,"column":16},"end":{"line":30,"column":17}},"loc":{"start":{"line":30,"column":22},"end":{"line":35,"column":3}},"line":30},"3":{"name":"(anonymous_3)","decl":{"start":{"line":41,"column":22},"end":{"line":41,"column":23}},"loc":{"start":{"line":41,"column":31},"end":{"line":49,"column":3}},"line":41},"4":{"name":"(anonymous_4)","decl":{"start":{"line":55,"column":29},"end":{"line":55,"column":30}},"loc":{"start":{"line":55,"column":56},"end":{"line":81,"column":3}},"line":55},"5":{"name":"(anonymous_5)","decl":{"start":{"line":86,"column":17},"end":{"line":86,"column":18}},"loc":{"start":{"line":86,"column":29},"end":{"line":105,"column":3}},"line":86},"6":{"name":"(anonymous_6)","decl":{"start":{"line":110,"column":22},"end":{"line":110,"column":23}},"loc":{"start":{"line":110,"column":28},"end":{"line":113,"column":3}},"line":110},"7":{"name":"(anonymous_7)","decl":{"start":{"line":118,"column":27},"end":{"line":118,"column":28}},"loc":{"start":{"line":118,"column":33},"end":{"line":121,"column":3}},"line":118},"8":{"name":"(anonymous_8)","decl":{"start":{"line":127,"column":23},"end":{"line":127,"column":24}},"loc":{"start":{"line":127,"column":30},"end":{"line":131,"column":3}},"line":127},"9":{"name":"(anonymous_9)","decl":{"start":{"line":137,"column":28},"end":{"line":137,"column":29}},"loc":{"start":{"line":137,"column":35},"end":{"line":141,"column":3}},"line":137},"10":{"name":"(anonymous_10)","decl":{"start":{"line":152,"column":30},"end":{"line":152,"column":31}},"loc":{"start":{"line":152,"column":42},"end":{"line":152,"column":59}},"line":152},"11":{"name":"(anonymous_11)","decl":{"start":{"line":164,"column":30},"end":{"line":164,"column":31}},"loc":{"start":{"line":164,"column":47},"end":{"line":164,"column":74}},"line":164}},"branchMap":{"0":{"loc":{"start":{"line":43,"column":4},"end":{"line":47,"column":5}},"type":"if","locations":[{"start":{"line":43,"column":4},"end":{"line":47,"column":5}},{"start":{"line":43,"column":4},"end":{"line":47,"column":5}}],"line":43},"1":{"loc":{"start":{"line":43,"column":8},"end":{"line":43,"column":47}},"type":"binary-expr","locations":[{"start":{"line":43,"column":8},"end":{"line":43,"column":16}},{"start":{"line":43,"column":20},"end":{"line":43,"column":47}}],"line":43},"2":{"loc":{"start":{"line":58,"column":6},"end":{"line":67,"column":7}},"type":"if","locations":[{"start":{"line":58,"column":6},"end":{"line":67,"column":7}},{"start":{"line":58,"column":6},"end":{"line":67,"column":7}}],"line":58},"3":{"loc":{"start":{"line":59,"column":8},"end":{"line":66,"column":9}},"type":"if","locations":[{"start":{"line":59,"column":8},"end":{"line":66,"column":9}},{"start":{"line":59,"column":8},"end":{"line":66,"column":9}}],"line":59},"4":{"loc":{"start":{"line":69,"column":6},"end":{"line":76,"column":7}},"type":"if","locations":[{"start":{"line":69,"column":6},"end":{"line":76,"column":7}},{"start":{"line":69,"column":6},"end":{"line":76,"column":7}}],"line":69},"5":{"loc":{"start":{"line":89,"column":4},"end":{"line":91,"column":5}},"type":"if","locations":[{"start":{"line":89,"column":4},"end":{"line":91,"column":5}},{"start":{"line":89,"column":4},"end":{"line":91,"column":5}}],"line":89},"6":{"loc":{"start":{"line":89,"column":8},"end":{"line":89,"column":31}},"type":"binary-expr","locations":[{"start":{"line":89,"column":8},"end":{"line":89,"column":15}},{"start":{"line":89,"column":19},"end":{"line":89,"column":31}}],"line":89},"7":{"loc":{"start":{"line":95,"column":6},"end":{"line":100,"column":7}},"type":"if","locations":[{"start":{"line":95,"column":6},"end":{"line":100,"column":7}},{"start":{"line":95,"column":6},"end":{"line":100,"column":7}}],"line":95},"8":{"loc":{"start":{"line":158,"column":9},"end":{"line":158,"column":97}},"type":"binary-expr","locations":[{"start":{"line":158,"column":9},"end":{"line":158,"column":18}},{"start":{"line":158,"column":22},"end":{"line":158,"column":29}},{"start":{"line":158,"column":33},"end":{"line":158,"column":97}}],"line":158},"9":{"loc":{"start":{"line":170,"column":9},"end":{"line":170,"column":102}},"type":"binary-expr","locations":[{"start":{"line":170,"column":9},"end":{"line":170,"column":18}},{"start":{"line":170,"column":22},"end":{"line":170,"column":34}},{"start":{"line":170,"column":38},"end":{"line":170,"column":102}}],"line":170},"10":{"loc":{"start":{"line":172,"column":7},"end":{"line":175,"column":12}},"type":"binary-expr","locations":[{"start":{"line":172,"column":7},"end":{"line":172,"column":15}},{"start":{"line":172,"column":19},"end":{"line":175,"column":12}}],"line":172},"11":{"loc":{"start":{"line":176,"column":7},"end":{"line":176,"column":64}},"type":"binary-expr","locations":[{"start":{"line":176,"column":7},"end":{"line":176,"column":12}},{"start":{"line":176,"column":16},"end":{"line":176,"column":64}}],"line":176},"12":{"loc":{"start":{"line":179,"column":11},"end":{"line":179,"column":69}},"type":"binary-expr","locations":[{"start":{"line":179,"column":11},"end":{"line":179,"column":19}},{"start":{"line":179,"column":24},"end":{"line":179,"column":68}}],"line":179},"13":{"loc":{"start":{"line":179,"column":24},"end":{"line":179,"column":68}},"type":"cond-expr","locations":[{"start":{"line":179,"column":46},"end":{"line":179,"column":57}},{"start":{"line":179,"column":60},"end":{"line":179,"column":68}}],"line":179},"14":{"loc":{"start":{"line":179,"column":25},"end":{"line":179,"column":42}},"type":"binary-expr","locations":[{"start":{"line":179,"column":25},"end":{"line":179,"column":30}},{"start":{"line":179,"column":34},"end":{"line":179,"column":42}}],"line":179},"15":{"loc":{"start":{"line":180,"column":11},"end":{"line":180,"column":31}},"type":"binary-expr","locations":[{"start":{"line":180,"column":11},"end":{"line":180,"column":18}},{"start":{"line":180,"column":22},"end":{"line":180,"column":31}}],"line":180}},"s":{"0":4,"1":39,"2":39,"3":39,"4":39,"5":39,"6":39,"7":39,"8":39,"9":6,"10":6,"11":6,"12":6,"13":39,"14":0,"15":0,"16":0,"17":0,"18":39,"19":1,"20":1,"21":1,"22":0,"23":1,"24":39,"25":6,"26":6,"27":5,"28":3,"29":2,"30":1,"31":1,"32":1,"33":2,"34":2,"35":1,"36":1,"37":1,"38":1,"39":1,"40":39,"41":5,"42":5,"43":5,"44":1,"45":4,"46":4,"47":4,"48":4,"49":4,"50":0,"51":0,"52":39,"53":1,"54":1,"55":39,"56":0,"57":0,"58":39,"59":2,"60":2,"61":2,"62":39,"63":1,"64":1,"65":1,"66":39,"67":0,"68":0,"69":4},"f":{"0":39,"1":6,"2":0,"3":1,"4":6,"5":5,"6":1,"7":0,"8":2,"9":1,"10":0,"11":0},"b":{"0":[1,0],"1":[1,1],"2":[3,2],"3":[2,1],"4":[1,1],"5":[1,4],"6":[5,4],"7":[4,0],"8":[39,20,1],"9":[39,20,2],"10":[39,2],"11":[39,9],"12":[39,37],"13":[11,26],"14":[37,28],"15":[39,2]},"_coverageSchema":"43e27e138ebf9cfc5966b082cf9a028302ed4184","hash":"ce12ecd4d723139961b941e9ff1da38f19beb58b"}
,"E:\\Rahul\\react-map\\src\\constants\\index.js": {"path":"E:\\Rahul\\react-map\\src\\constants\\index.js","statementMap":{"0":{"start":{"line":1,"column":23},"end":{"line":1,"column":59}},"1":{"start":{"line":2,"column":26},"end":{"line":2,"column":78}},"2":{"start":{"line":3,"column":26},"end":{"line":3,"column":58}},"3":{"start":{"line":4,"column":28},"end":{"line":4,"column":51}},"4":{"start":{"line":5,"column":32},"end":{"line":5,"column":81}},"5":{"start":{"line":6,"column":27},"end":{"line":6,"column":28}},"6":{"start":{"line":7,"column":33},"end":{"line":7,"column":84}},"7":{"start":{"line":8,"column":25},"end":{"line":8,"column":60}},"8":{"start":{"line":9,"column":31},"end":{"line":9,"column":44}},"9":{"start":{"line":10,"column":30},"end":{"line":10,"column":39}}},"fnMap":{},"branchMap":{},"s":{"0":8,"1":8,"2":8,"3":8,"4":8,"5":8,"6":8,"7":8,"8":8,"9":8},"f":{},"b":{},"_coverageSchema":"43e27e138ebf9cfc5966b082cf9a028302ed4184","hash":"8cc57b4a445999897576e7501b6df39c8795caf4"}
,"E:\\Rahul\\react-map\\src\\pages\\app\\index.jsx": {"path":"E:\\Rahul\\react-map\\src\\pages\\app\\index.jsx","statementMap":{"0":{"start":{"line":10,"column":20},"end":{"line":16,"column":1}},"1":{"start":{"line":11,"column":14},"end":{"line":11,"column":16}},"2":{"start":{"line":12,"column":2},"end":{"line":14,"column":5}},"3":{"start":{"line":13,"column":4},"end":{"line":13,"column":64}},"4":{"start":{"line":15,"column":2},"end":{"line":15,"column":13}},"5":{"start":{"line":18,"column":12},"end":{"line":65,"column":1}},"6":{"start":{"line":19,"column":32},"end":{"line":19,"column":46}},"7":{"start":{"line":20,"column":26},"end":{"line":20,"column":40}},"8":{"start":{"line":21,"column":30},"end":{"line":21,"column":42}},"9":{"start":{"line":22,"column":40},"end":{"line":22,"column":52}},"10":{"start":{"line":30,"column":21},"end":{"line":34,"column":3}},"11":{"start":{"line":31,"column":4},"end":{"line":31,"column":32}},"12":{"start":{"line":32,"column":4},"end":{"line":32,"column":23}},"13":{"start":{"line":33,"column":4},"end":{"line":33,"column":33}},"14":{"start":{"line":39,"column":16},"end":{"line":42,"column":3}},"15":{"start":{"line":40,"column":4},"end":{"line":40,"column":18}},"16":{"start":{"line":41,"column":4},"end":{"line":41,"column":22}},"17":{"start":{"line":47,"column":2},"end":{"line":64,"column":4}},"18":{"start":{"line":60,"column":90},"end":{"line":60,"column":105}}},"fnMap":{"0":{"name":"(anonymous_0)","decl":{"start":{"line":10,"column":20},"end":{"line":10,"column":21}},"loc":{"start":{"line":10,"column":28},"end":{"line":16,"column":1}},"line":10},"1":{"name":"(anonymous_1)","decl":{"start":{"line":12,"column":11},"end":{"line":12,"column":12}},"loc":{"start":{"line":12,"column":19},"end":{"line":14,"column":3}},"line":12},"2":{"name":"(anonymous_2)","decl":{"start":{"line":18,"column":12},"end":{"line":18,"column":13}},"loc":{"start":{"line":18,"column":18},"end":{"line":65,"column":1}},"line":18},"3":{"name":"(anonymous_3)","decl":{"start":{"line":30,"column":21},"end":{"line":30,"column":22}},"loc":{"start":{"line":30,"column":55},"end":{"line":34,"column":3}},"line":30},"4":{"name":"(anonymous_4)","decl":{"start":{"line":39,"column":16},"end":{"line":39,"column":17}},"loc":{"start":{"line":39,"column":22},"end":{"line":42,"column":3}},"line":39},"5":{"name":"(anonymous_5)","decl":{"start":{"line":60,"column":81},"end":{"line":60,"column":82}},"loc":{"start":{"line":60,"column":90},"end":{"line":60,"column":105}},"line":60}},"branchMap":{"0":{"loc":{"start":{"line":49,"column":7},"end":{"line":49,"column":28}},"type":"binary-expr","locations":[{"start":{"line":49,"column":7},"end":{"line":49,"column":14}},{"start":{"line":49,"column":18},"end":{"line":49,"column":28}}],"line":49}},"s":{"0":2,"1":1,"2":1,"3":3,"4":1,"5":2,"6":8,"7":8,"8":8,"9":8,"10":8,"11":1,"12":1,"13":1,"14":8,"15":1,"16":1,"17":8,"18":0},"f":{"0":1,"1":3,"2":8,"3":1,"4":1,"5":0},"b":{"0":[8,7]},"_coverageSchema":"43e27e138ebf9cfc5966b082cf9a028302ed4184","hash":"0138f5baa4672b1f9ec18697ee74e0e813c355d8"}
}
