TN:
SF:E:\Rahul\react-map\src\components\pathForm\index.jsx
FN:8,(anonymous_0)
FN:20,(anonymous_1)
FN:30,(anonymous_2)
FN:41,(anonymous_3)
FN:78,(anonymous_4)
FN:108,(anonymous_5)
FN:116,(anonymous_6)
FN:125,(anonymous_7)
FN:135,(anonymous_8)
FN:150,(anonymous_9)
FN:161,(anonymous_10)
FNF:11
FNH:7
FNDA:39,(anonymous_0)
FNDA:6,(anonymous_1)
FNDA:0,(anonymous_2)
FNDA:6,(anonymous_3)
FNDA:5,(anonymous_4)
FNDA:1,(anonymous_5)
FNDA:0,(anonymous_6)
FNDA:2,(anonymous_7)
FNDA:1,(anonymous_8)
FNDA:0,(anonymous_9)
FNDA:0,(anonymous_10)
DA:8,4
DA:9,39
DA:10,39
DA:11,39
DA:12,39
DA:13,39
DA:14,39
DA:15,39
DA:20,39
DA:21,6
DA:22,6
DA:23,6
DA:24,6
DA:30,39
DA:31,0
DA:32,0
DA:33,0
DA:34,0
DA:41,39
DA:42,6
DA:43,6
DA:44,5
DA:45,3
DA:46,2
DA:49,1
DA:50,1
DA:51,1
DA:54,2
DA:55,2
DA:56,1
DA:57,1
DA:58,1
DA:61,1
DA:65,1
DA:66,1
DA:67,1
DA:68,1
DA:70,0
DA:78,39
DA:79,5
DA:80,5
DA:81,5
DA:82,1
DA:84,4
DA:85,4
DA:86,4
DA:87,4
DA:88,4
DA:91,0
DA:95,0
DA:96,0
DA:97,0
DA:99,0
DA:101,0
DA:108,39
DA:109,1
DA:110,1
DA:116,39
DA:117,0
DA:118,0
DA:125,39
DA:126,2
DA:127,2
DA:128,2
DA:135,39
DA:136,1
DA:137,1
DA:138,1
DA:144,39
DA:150,0
DA:161,0
DA:184,4
LF:72
LH:57
BRDA:44,0,0,3
BRDA:44,0,1,2
BRDA:45,1,0,2
BRDA:45,1,1,1
BRDA:55,2,0,1
BRDA:55,2,1,1
BRDA:67,3,0,1
BRDA:67,3,1,0
BRDA:67,4,0,1
BRDA:67,4,1,1
BRDA:81,5,0,1
BRDA:81,5,1,4
BRDA:81,6,0,5
BRDA:81,6,1,4
BRDA:87,7,0,4
BRDA:87,7,1,0
BRDA:96,8,0,0
BRDA:96,8,1,0
BRDA:96,9,0,0
BRDA:96,9,1,0
BRDA:155,10,0,39
BRDA:155,10,1,20
BRDA:155,10,2,1
BRDA:166,11,0,39
BRDA:166,11,1,20
BRDA:166,11,2,2
BRDA:168,12,0,39
BRDA:168,12,1,2
BRDA:172,13,0,39
BRDA:172,13,1,9
BRDA:175,14,0,39
BRDA:175,14,1,38
BRDA:175,15,0,11
BRDA:175,15,1,27
BRDA:175,16,0,38
BRDA:175,16,1,29
BRDA:176,17,0,39
BRDA:176,17,1,1
BRF:38
BRH:32
end_of_record
