TN:
SF:E:\Rahul\react-map\src\index.jsx
FNF:0
FNH:0
DA:10,0
LF:1
LH:0
BRF:0
BRH:0
end_of_record
TN:
SF:E:\Rahul\react-map\src\components\autoComplete\index.jsx
FN:7,(anonymous_0)
FN:16,(anonymous_1)
FN:38,(anonymous_2)
FN:47,(anonymous_3)
FN:59,(anonymous_4)
FN:87,(anonymous_5)
FN:92,(anonymous_6)
FN:94,(anonymous_7)
FN:117,(anonymous_8)
FN:120,(anonymous_9)
FN:124,(anonymous_10)
FNF:11
FNH:6
FNDA:15,(anonymous_0)
FNDA:2,(anonymous_1)
FNDA:1,(anonymous_2)
FNDA:0,(anonymous_3)
FNDA:0,(anonymous_4)
FNDA:0,(anonymous_5)
FNDA:4,(anonymous_6)
FNDA:0,(anonymous_7)
FNDA:0,(anonymous_8)
FNDA:1,(anonymous_9)
FNDA:1,(anonymous_10)
DA:7,6
DA:8,15
DA:9,15
DA:10,15
DA:16,15
DA:17,2
DA:18,2
DA:19,2
DA:20,2
DA:21,2
DA:22,1
DA:23,1
DA:26,1
DA:27,1
DA:30,0
DA:31,0
DA:38,15
DA:39,1
DA:40,1
DA:47,15
DA:48,0
DA:49,0
DA:50,0
DA:51,0
DA:59,15
DA:60,0
DA:61,0
DA:62,0
DA:63,0
DA:64,0
DA:65,0
DA:66,0
DA:68,0
DA:69,0
DA:70,0
DA:71,0
DA:72,0
DA:73,0
DA:75,0
DA:76,0
DA:79,0
DA:87,15
DA:88,0
DA:89,0
DA:92,15
DA:93,4
DA:94,4
DA:100,15
DA:117,0
DA:121,1
DA:122,1
DA:124,1
DA:146,6
LF:53
LH:28
BRDA:19,0,0,2
BRDA:19,0,1,0
BRDA:48,1,0,0
BRDA:48,1,1,0
BRDA:48,2,0,0
BRDA:48,2,1,0
BRDA:61,3,0,0
BRDA:61,3,1,0
BRDA:61,4,0,0
BRDA:61,4,1,0
BRDA:68,5,0,0
BRDA:68,5,1,0
BRDA:68,6,0,0
BRDA:68,6,1,0
BRDA:75,7,0,0
BRDA:75,7,1,0
BRDA:102,8,0,15
BRDA:102,8,1,15
BRDA:103,9,0,6
BRDA:103,9,1,9
BRDA:112,10,0,15
BRDA:112,10,1,7
BRDA:115,11,0,3
BRDA:115,11,1,12
BRDA:115,12,0,15
BRDA:115,12,1,14
BRDA:139,13,0,15
BRDA:139,13,1,2
BRF:28
BRH:13
end_of_record
TN:
SF:E:\Rahul\react-map\src\components\map\index.jsx
FN:11,(anonymous_0)
FN:21,(anonymous_1)
FN:35,(anonymous_2)
FNF:3
FNH:2
FNDA:4,(anonymous_0)
FNDA:3,(anonymous_1)
FNDA:0,(anonymous_2)
DA:7,4
DA:11,4
DA:12,4
DA:13,4
DA:14,4
DA:15,4
DA:19,4
DA:21,4
DA:22,3
DA:23,0
DA:24,0
DA:31,4
DA:35,0
DA:65,4
LF:14
LH:11
BRDA:22,0,0,0
BRDA:22,0,1,3
BRDA:22,1,0,3
BRDA:22,1,1,1
BRDA:39,2,0,4
BRDA:39,2,1,1
BRDA:48,3,0,4
BRDA:48,3,1,1
BRDA:55,4,0,4
BRDA:55,4,1,1
BRF:10
BRH:9
end_of_record
TN:
SF:E:\Rahul\react-map\src\components\pathForm\index.jsx
FN:8,(anonymous_0)
FN:20,(anonymous_1)
FN:30,(anonymous_2)
FN:41,(anonymous_3)
FN:78,(anonymous_4)
FN:108,(anonymous_5)
FN:116,(anonymous_6)
FN:125,(anonymous_7)
FN:135,(anonymous_8)
FN:150,(anonymous_9)
FN:161,(anonymous_10)
FNF:11
FNH:7
FNDA:39,(anonymous_0)
FNDA:6,(anonymous_1)
FNDA:0,(anonymous_2)
FNDA:6,(anonymous_3)
FNDA:5,(anonymous_4)
FNDA:1,(anonymous_5)
FNDA:0,(anonymous_6)
FNDA:2,(anonymous_7)
FNDA:1,(anonymous_8)
FNDA:0,(anonymous_9)
FNDA:0,(anonymous_10)
DA:8,4
DA:9,39
DA:10,39
DA:11,39
DA:12,39
DA:13,39
DA:14,39
DA:15,39
DA:20,39
DA:21,6
DA:22,6
DA:23,6
DA:24,6
DA:30,39
DA:31,0
DA:32,0
DA:33,0
DA:34,0
DA:41,39
DA:42,6
DA:43,6
DA:44,5
DA:45,3
DA:46,2
DA:49,1
DA:50,1
DA:51,1
DA:54,2
DA:55,2
DA:56,1
DA:57,1
DA:58,1
DA:61,1
DA:65,1
DA:66,1
DA:67,1
DA:68,1
DA:70,0
DA:78,39
DA:79,5
DA:80,5
DA:81,5
DA:82,1
DA:84,4
DA:85,4
DA:86,4
DA:87,4
DA:88,4
DA:91,0
DA:95,0
DA:96,0
DA:97,0
DA:99,0
DA:101,0
DA:108,39
DA:109,1
DA:110,1
DA:116,39
DA:117,0
DA:118,0
DA:125,39
DA:126,2
DA:127,2
DA:128,2
DA:135,39
DA:136,1
DA:137,1
DA:138,1
DA:144,39
DA:150,0
DA:161,0
DA:184,4
LF:72
LH:57
BRDA:44,0,0,3
BRDA:44,0,1,2
BRDA:45,1,0,2
BRDA:45,1,1,1
BRDA:55,2,0,1
BRDA:55,2,1,1
BRDA:67,3,0,1
BRDA:67,3,1,0
BRDA:67,4,0,1
BRDA:67,4,1,1
BRDA:81,5,0,1
BRDA:81,5,1,4
BRDA:81,6,0,5
BRDA:81,6,1,4
BRDA:87,7,0,4
BRDA:87,7,1,0
BRDA:96,8,0,0
BRDA:96,8,1,0
BRDA:96,9,0,0
BRDA:96,9,1,0
BRDA:155,10,0,39
BRDA:155,10,1,20
BRDA:155,10,2,1
BRDA:166,11,0,39
BRDA:166,11,1,20
BRDA:166,11,2,2
BRDA:168,12,0,39
BRDA:168,12,1,2
BRDA:172,13,0,39
BRDA:172,13,1,9
BRDA:175,14,0,39
BRDA:175,14,1,38
BRDA:175,15,0,11
BRDA:175,15,1,27
BRDA:175,16,0,38
BRDA:175,16,1,29
BRDA:176,17,0,39
BRDA:176,17,1,1
BRF:38
BRH:32
end_of_record
TN:
SF:E:\Rahul\react-map\src\constants\index.js
FNF:0
FNH:0
DA:1,8
DA:2,8
DA:3,8
DA:4,8
DA:5,8
DA:6,8
DA:7,8
DA:8,8
LF:8
LH:8
BRF:0
BRH:0
end_of_record
TN:
SF:E:\Rahul\react-map\src\pages\app\index.jsx
FN:10,(anonymous_0)
FN:12,(anonymous_1)
FN:18,(anonymous_2)
FN:30,(anonymous_3)
FN:39,(anonymous_4)
FNF:5
FNH:5
FNDA:1,(anonymous_0)
FNDA:3,(anonymous_1)
FNDA:8,(anonymous_2)
FNDA:1,(anonymous_3)
FNDA:1,(anonymous_4)
DA:10,2
DA:11,1
DA:12,1
DA:13,3
DA:15,1
DA:18,2
DA:19,8
DA:20,8
DA:21,8
DA:22,8
DA:30,8
DA:31,1
DA:32,1
DA:33,1
DA:39,8
DA:40,1
DA:41,1
DA:47,8
LF:18
LH:18
BRDA:49,0,0,8
BRDA:49,0,1,5
BRF:2
BRH:2
end_of_record
